<?xml version="1.0" encoding="utf-8"?>
<!DOCTYPE coverage SYSTEM "http://cobertura.sourceforge.net/xml/coverage-04.dtd">
<coverage line-rate="0.30639097744360905" branch-rate="0.2815384615384615" lines-covered="326" lines-valid="1064" branches-covered="183" branches-valid="650" complexity="654" version="0" timestamp="1716299513">
  <sources>
    <source>C:\Users\music\Documents\pycom\gits\Mjukvaruutvekling-grupp-5\Mjukvaruutvekling-grupp-5\Calculator-project\</source>
    <source>C:\Users\sherk\OneDrive - Jonkoping University\Desktop\Mjukvaruutvekling-grupp-5\Calculator-project\</source>
  </sources>
  <packages>
    <package name="Calculator-project" line-rate="0.30639097744360905" branch-rate="0.2815384615384615" complexity="654">
      <classes>
        <class name="Calculator_project.App" filename="C:\Users\music\Documents\pycom\gits\Mjukvaruutvekling-grupp-5\Mjukvaruutvekling-grupp-5\Calculator-project\App.xaml" line-rate="0" branch-rate="1" complexity="1">
          <methods>
            <method name="InitializeComponent" signature="()" line-rate="0" branch-rate="1" complexity="1">
              <lines>
                <line number="1" hits="0" branch="false" />
                <line number="6" hits="0" branch="false" />
              </lines>
            </method>
          </methods>
          <lines>
            <line number="1" hits="0" branch="false" />
            <line number="6" hits="0" branch="false" />
          </lines>
        </class>
        <class name="Calculator_project.App" filename="C:\Users\music\Documents\pycom\gits\Mjukvaruutvekling-grupp-5\Mjukvaruutvekling-grupp-5\Calculator-project\obj\Debug\net6.0-windows\App.g.cs" line-rate="0" branch-rate="0" complexity="2">
          <methods>
            <method name="InitializeComponent" signature="()" line-rate="0" branch-rate="0" complexity="2">
              <lines>
                <line number="51" hits="0" branch="false" />
                <line number="52" hits="0" branch="true" condition-coverage="0% (0/2)" />
                <line number="53" hits="0" branch="false" />
                <line number="55" hits="0" branch="false" />
              </lines>
            </method>
          </methods>
          <lines>
            <line number="51" hits="0" branch="false" />
            <line number="52" hits="0" branch="true" condition-coverage="0% (0/2)" />
            <line number="53" hits="0" branch="false" />
            <line number="55" hits="0" branch="false" />
          </lines>
        </class>
        <class name="Calculator_project.Controller.Controller" filename="C:\Users\music\Documents\pycom\gits\Mjukvaruutvekling-grupp-5\Mjukvaruutvekling-grupp-5\Calculator-project\Controller\Controller.cs" line-rate="0.8338658146964856" branch-rate="0.7086614173228346" complexity="257">
          <methods>
            <method name="bracketcontroll" signature="(System.String)" line-rate="0.9387755102040817" branch-rate="0.8421052631578947" complexity="30">
              <lines>
                <line number="17" hits="32" branch="false" />
                <line number="18" hits="32" branch="false" />
                <line number="20" hits="52" branch="true" condition-coverage="100% (2/2)" />
                <line number="21" hits="20" branch="false" />
                <line number="25" hits="20" branch="false" />
                <line number="26" hits="20" branch="false" />
                <line number="27" hits="20" branch="false" />
                <line number="28" hits="20" branch="false" />
                <line number="30" hits="0" branch="true" condition-coverage="0% (0/2)" />
                <line number="31" hits="20" branch="false" />
                <line number="32" hits="472" branch="true" condition-coverage="100% (2/2)" />
                <line number="33" hits="236" branch="false" />
                <line number="34" hits="236" branch="true" condition-coverage="100% (2/2)" />
                <line number="35" hits="22" branch="false" />
                <line number="36" hits="102" branch="true" condition-coverage="100% (2/2)" />
                <line number="37" hits="6" branch="false" />
                <line number="38" hits="22" branch="true" condition-coverage="0% (0/2)" />
                <line number="39" hits="236" branch="true" condition-coverage="100% (2/2)" />
                <line number="40" hits="22" branch="true" condition-coverage="0% (0/2)" />
                <line number="41" hits="122" branch="true" condition-coverage="100% (2/2)" />
                <line number="42" hits="6" branch="false" />
                <line number="43" hits="22" branch="false" />
                <line number="44" hits="236" branch="true" condition-coverage="100% (2/2)" />
                <line number="45" hits="20" branch="false" />
                <line number="47" hits="20" branch="false" />
                <line number="48" hits="20" branch="false" />
                <line number="54" hits="20" branch="true" condition-coverage="100% (2/2)" />
                <line number="55" hits="16" branch="false" />
                <line number="56" hits="40" branch="true" condition-coverage="100% (6/6)" />
                <line number="57" hits="16" branch="false" />
                <line number="58" hits="20" branch="true" condition-coverage="100% (2/2)" />
                <line number="59" hits="8" branch="false" />
                <line number="60" hits="26" branch="true" condition-coverage="100% (6/6)" />
                <line number="61" hits="8" branch="false" />
                <line number="63" hits="20" branch="false" />
                <line number="64" hits="20" branch="false" />
                <line number="65" hits="20" branch="false" />
                <line number="66" hits="0" branch="false" />
                <line number="67" hits="216" branch="false" />
                <line number="68" hits="20" branch="false" />
                <line number="69" hits="32" branch="false" />
                <line number="70" hits="32" branch="false" />
                <line number="72" hits="22" branch="false" />
                <line number="73" hits="22" branch="false" />
                <line number="77" hits="22" branch="false" />
                <line number="81" hits="22" branch="false" />
                <line number="82" hits="0" branch="false" />
                <line number="83" hits="220" branch="true" condition-coverage="100% (2/2)" />
                <line number="84" hits="88" branch="false" />
              </lines>
            </method>
            <method name="CalculateExpression" signature="(System.String)" line-rate="0.11428571428571428" branch-rate="0" complexity="4">
              <lines>
                <line number="86" hits="0" branch="false" />
                <line number="87" hits="0" branch="false" />
                <line number="88" hits="0" branch="false" />
                <line number="89" hits="0" branch="false" />
                <line number="90" hits="0" branch="true" condition-coverage="0% (0/2)" />
                <line number="91" hits="0" branch="false" />
                <line number="92" hits="0" branch="true" condition-coverage="0% (0/6)" />
                <line number="93" hits="0" branch="false" />
                <line number="94" hits="0" branch="false" />
                <line number="95" hits="0" branch="false" />
                <line number="96" hits="0" branch="true" condition-coverage="0% (0/2)" />
                <line number="97" hits="0" branch="false" />
                <line number="98" hits="0" branch="false" />
                <line number="99" hits="0" branch="false" />
                <line number="100" hits="0" branch="false" />
                <line number="101" hits="0" branch="false" />
                <line number="102" hits="0" branch="false" />
                <line number="104" hits="0" branch="false" />
                <line number="105" hits="0" branch="false" />
                <line number="106" hits="0" branch="false" />
                <line number="107" hits="0" branch="false" />
                <line number="108" hits="0" branch="true" condition-coverage="0% (0/2)" />
                <line number="109" hits="0" branch="false" />
                <line number="110" hits="0" branch="true" condition-coverage="0% (0/6)" />
                <line number="111" hits="0" branch="true" condition-coverage="0% (0/2)" />
                <line number="112" hits="0" branch="false" />
                <line number="113" hits="0" branch="true" condition-coverage="0% (0/2)" />
                <line number="114" hits="0" branch="false" />
                <line number="115" hits="0" branch="true" condition-coverage="0% (0/6)" />
                <line number="116" hits="0" branch="false" />
                <line number="117" hits="0" branch="false" />
                <line number="118" hits="88" branch="false" />
                <line number="120" hits="22" branch="false" />
                <line number="121" hits="22" branch="false" />
                <line number="122" hits="22" branch="false" />
              </lines>
            </method>
            <method name="SortToTokenList" signature="(System.String)" line-rate="0.8679245283018868" branch-rate="0.7166666666666667" complexity="66">
              <lines>
                <line number="125" hits="7" branch="false" />
                <line number="126" hits="29" branch="false" />
                <line number="127" hits="22" branch="false" />
                <line number="128" hits="29" branch="false" />
                <line number="130" hits="88" branch="true" condition-coverage="100% (2/2)" />
                <line number="131" hits="37" branch="false" />
                <line number="132" hits="59" branch="true" condition-coverage="100% (4/4)" />
                <line number="133" hits="20" branch="false" />
                <line number="134" hits="20" branch="true" condition-coverage="0% (0/2)" />
                <line number="135" hits="20" branch="false" />
                <line number="136" hits="17" branch="true" condition-coverage="100% (2/2)" />
                <line number="137" hits="1" branch="false" />
                <line number="138" hits="1" branch="true" condition-coverage="50% (6/12)" />
                <line number="139" hits="1" branch="false" />
                <line number="140" hits="1" branch="false" />
                <line number="141" hits="1" branch="false" />
                <line number="142" hits="22" branch="false" />
                <line number="143" hits="22" branch="false" />
                <line number="144" hits="0" branch="true" condition-coverage="0% (0/2)" />
                <line number="145" hits="52" branch="true" condition-coverage="100% (2/2)" />
                <line number="146" hits="30" branch="false" />
                <line number="147" hits="30" branch="false" />
                <line number="148" hits="30" branch="false" />
                <line number="149" hits="0" branch="false" />
                <line number="150" hits="22" branch="false" />
                <line number="151" hits="22" branch="false" />
                <line number="152" hits="0" branch="false" />
                <line number="153" hits="22" branch="false" />
                <line number="154" hits="23" branch="false" />
                <line number="155" hits="16" branch="true" condition-coverage="100% (2/2)" />
                <line number="156" hits="1" branch="false" />
                <line number="157" hits="1" branch="true" condition-coverage="58% (7/12)" />
                <line number="158" hits="1" branch="false" />
                <line number="159" hits="1" branch="false" />
                <line number="160" hits="1" branch="false" />
                <line number="161" hits="22" branch="true" condition-coverage="100% (2/2)" />
                <line number="162" hits="2" branch="false" />
                <line number="163" hits="2" branch="true" condition-coverage="0% (0/2)" />
                <line number="164" hits="2" branch="false" />
                <line number="165" hits="0" branch="false" />
                <line number="166" hits="20" branch="false" />
                <line number="167" hits="20" branch="false" />
                <line number="168" hits="20" branch="false" />
                <line number="169" hits="0" branch="false" />
                <line number="170" hits="22" branch="false" />
                <line number="171" hits="22" branch="false" />
                <line number="172" hits="22" branch="false" />
                <line number="173" hits="0" branch="false" />
                <line number="174" hits="1" branch="false" />
                <line number="175" hits="51" branch="true" condition-coverage="100% (10/10)" />
                <line number="176" hits="50" branch="false" />
                <line number="177" hits="14" branch="false" />
                <line number="178" hits="50" branch="false" />
                <line number="179" hits="14" branch="false" />
                <line number="180" hits="450" branch="true" condition-coverage="100% (2/2)" />
                <line number="181" hits="196" branch="false" />
                <line number="182" hits="182" branch="true" condition-coverage="100% (4/4)" />
                <line number="183" hits="132" branch="true" condition-coverage="100% (10/10)" />
                <line number="184" hits="118" branch="false" />
                <line number="185" hits="118" branch="false" />
                <line number="186" hits="68" branch="true" condition-coverage="50% (1/2)" />
                <line number="187" hits="4" branch="false" />
                <line number="188" hits="0" branch="false" />
                <line number="189" hits="0" branch="false" />
                <line number="190" hits="3" branch="false" />
                <line number="191" hits="3" branch="false" />
                <line number="192" hits="64" branch="true" condition-coverage="100% (2/2)" />
                <line number="193" hits="2" branch="false" />
                <line number="194" hits="5" branch="true" condition-coverage="50% (6/12)" />
                <line number="195" hits="5" branch="false" />
                <line number="196" hits="2" branch="false" />
                <line number="197" hits="2" branch="false" />
                <line number="198" hits="2" branch="false" />
                <line number="199" hits="2" branch="false" />
                <line number="200" hits="0" branch="true" condition-coverage="0% (0/2)" />
                <line number="201" hits="0" branch="false" />
                <line number="202" hits="2" branch="false" />
                <line number="203" hits="2" branch="false" />
                <line number="205" hits="14" branch="false" />
                <line number="206" hits="1" branch="true" condition-coverage="100% (2/2)" />
                <line number="207" hits="1" branch="false" />
                <line number="208" hits="1" branch="false" />
                <line number="209" hits="1" branch="false" />
                <line number="210" hits="39" branch="false" />
                <line number="211" hits="69" branch="true" condition-coverage="100% (2/2)" />
                <line number="212" hits="8" branch="false" />
                <line number="213" hits="8" branch="true" condition-coverage="58% (7/12)" />
                <line number="214" hits="2" branch="false" />
                <line number="215" hits="2" branch="false" />
                <line number="216" hits="3" branch="false" />
                <line number="217" hits="1" branch="true" condition-coverage="50% (1/2)" />
                <line number="218" hits="0" branch="false" />
                <line number="219" hits="0" branch="true" condition-coverage="0% (0/2)" />
                <line number="220" hits="0" branch="false" />
                <line number="221" hits="0" branch="false" />
                <line number="222" hits="1" branch="true" condition-coverage="100% (2/2)" />
                <line number="223" hits="1" branch="false" />
                <line number="224" hits="1" branch="false" />
                <line number="225" hits="1" branch="false" />
                <line number="226" hits="1" branch="false" />
                <line number="227" hits="1" branch="false" />
                <line number="228" hits="1" branch="false" />
                <line number="229" hits="1" branch="false" />
                <line number="230" hits="2" branch="false" />
                <line number="231" hits="61" branch="true" condition-coverage="100% (10/10)" />
                <line number="232" hits="59" branch="false" />
              </lines>
            </method>
            <method name="Operate" signature="(System.Collections.Generic.List`1&lt;Calculator.Model.Token&gt;)" line-rate="0.9473684210526315" branch-rate="0.95" complexity="10">
              <lines>
                <line number="235" hits="63" branch="false" />
                <line number="236" hits="63" branch="false" />
                <line number="237" hits="58" branch="false" />
                <line number="238" hits="5" branch="true" condition-coverage="100% (2/2)" />
                <line number="239" hits="59" branch="true" condition-coverage="100% (10/10)" />
                <line number="240" hits="1" branch="false" />
                <line number="242" hits="20" branch="true" condition-coverage="100% (2/2)" />
                <line number="243" hits="17" branch="false" />
                <line number="244" hits="1" branch="false" />
                <line number="246" hits="13" branch="true" condition-coverage="100% (2/2)" />
                <line number="247" hits="11" branch="false" />
                <line number="248" hits="1" branch="false" />
                <line number="250" hits="16" branch="true" condition-coverage="75% (3/4)" />
                <line number="251" hits="16" branch="false" />
                <line number="252" hits="2" branch="false" />
                <line number="254" hits="12" branch="false" />
                <line number="255" hits="12" branch="false" />
                <line number="256" hits="0" branch="false" />
                <line number="258" hits="11" branch="false" />
              </lines>
            </method>
            <method name="TokenListContainsOperator" signature="(System.Collections.Generic.List`1&lt;Calculator.Model.Token&gt;,System.Int32&amp;)" line-rate="0.9642857142857143" branch-rate="0.9375" complexity="10">
              <lines>
                <line number="262" hits="32" branch="true" condition-coverage="100% (2/2)" />
                <line number="263" hits="32" branch="false" />
                <line number="264" hits="2" branch="false" />
                <line number="265" hits="2" branch="false" />
                <line number="266" hits="182" branch="false" />
                <line number="267" hits="66" branch="true" condition-coverage="100% (2/2)" />
                <line number="268" hits="20" branch="false" />
                <line number="269" hits="82" branch="true" condition-coverage="100% (2/2)" />
                <line number="270" hits="30" branch="false" />
                <line number="271" hits="30" branch="true" condition-coverage="100% (2/2)" />
                <line number="272" hits="27" branch="false" />
                <line number="273" hits="27" branch="true" condition-coverage="50% (1/2)" />
                <line number="274" hits="3" branch="false" />
                <line number="275" hits="0" branch="false" />
                <line number="276" hits="27" branch="false" />
                <line number="277" hits="5" branch="false" />
                <line number="278" hits="24" branch="true" condition-coverage="100% (2/2)" />
                <line number="279" hits="24" branch="false" />
                <line number="280" hits="182" branch="true" condition-coverage="100% (2/2)" />
                <line number="281" hits="82" branch="false" />
                <line number="282" hits="82" branch="true" condition-coverage="100% (2/2)" />
                <line number="283" hits="36" branch="false" />
                <line number="284" hits="36" branch="false" />
                <line number="285" hits="36" branch="false" />
                <line number="287" hits="92" branch="false" />
                <line number="288" hits="34" branch="false" />
                <line number="289" hits="15" branch="false" />
                <line number="290" hits="30" branch="false" />
              </lines>
            </method>
            <method name="CalculateSubexpression" signature="(System.Collections.Generic.List`1&lt;Calculator.Model.Token&gt;,System.Int32)" line-rate="1" branch-rate="0.9" complexity="2">
              <lines>
                <line number="293" hits="6" branch="false" />
                <line number="294" hits="40" branch="true" condition-coverage="100% (2/2)" />
                <line number="295" hits="10" branch="false" />
                <line number="296" hits="10" branch="false" />
                <line number="297" hits="6" branch="false" />
                <line number="298" hits="36" branch="true" condition-coverage="100% (2/2)" />
                <line number="299" hits="10" branch="false" />
                <line number="300" hits="16" branch="false" />
                <line number="302" hits="32" branch="true" condition-coverage="100% (2/2)" />
                <line number="303" hits="10" branch="false" />
                <line number="304" hits="10" branch="false" />
                <line number="306" hits="16" branch="true" condition-coverage="75% (3/4)" />
                <line number="307" hits="16" branch="false" />
                <line number="308" hits="22" branch="false" />
                <line number="309" hits="6" branch="false" />
                <line number="311" hits="6" branch="false" />
                <line number="312" hits="6" branch="false" />
              </lines>
            </method>
            <method name="NumberOfDecimals" signature="(System.String)" line-rate="1" branch-rate="0.8333333333333334" complexity="4">
              <lines>
                <line number="315" hits="1" branch="false" />
                <line number="316" hits="4" branch="true" condition-coverage="50% (1/2)" />
                <line number="317" hits="2" branch="false" />
                <line number="318" hits="154" branch="true" condition-coverage="100% (2/2)" />
                <line number="319" hits="153" branch="false" />
                <line number="320" hits="1" branch="false" />
                <line number="322" hits="1" branch="false" />
                <line number="323" hits="152" branch="true" condition-coverage="100% (2/2)" />
                <line number="324" hits="47" branch="false" />
              </lines>
            </method>
            <method name="functioncontroll" signature="(System.String)" line-rate="0.2558139534883721" branch-rate="0.09375" complexity="28">
              <lines>
                <line number="72" hits="22" branch="false" />
                <line number="73" hits="22" branch="false" />
                <line number="77" hits="22" branch="false" />
                <line number="81" hits="22" branch="false" />
                <line number="82" hits="0" branch="false" />
                <line number="83" hits="220" branch="true" condition-coverage="100% (2/2)" />
                <line number="84" hits="88" branch="false" />
                <line number="85" hits="88" branch="true" condition-coverage="50% (1/2)" />
                <line number="86" hits="0" branch="false" />
                <line number="87" hits="0" branch="false" />
                <line number="88" hits="0" branch="false" />
                <line number="89" hits="0" branch="false" />
                <line number="90" hits="0" branch="true" condition-coverage="0% (0/2)" />
                <line number="91" hits="0" branch="false" />
                <line number="92" hits="0" branch="true" condition-coverage="0% (0/6)" />
                <line number="93" hits="0" branch="false" />
                <line number="94" hits="0" branch="false" />
                <line number="95" hits="0" branch="false" />
                <line number="96" hits="0" branch="true" condition-coverage="0% (0/2)" />
                <line number="97" hits="0" branch="false" />
                <line number="98" hits="0" branch="false" />
                <line number="99" hits="0" branch="false" />
                <line number="100" hits="0" branch="false" />
                <line number="101" hits="0" branch="false" />
                <line number="102" hits="0" branch="false" />
                <line number="104" hits="0" branch="false" />
                <line number="105" hits="0" branch="false" />
                <line number="106" hits="0" branch="false" />
                <line number="107" hits="0" branch="false" />
                <line number="108" hits="0" branch="true" condition-coverage="0% (0/2)" />
                <line number="109" hits="0" branch="false" />
                <line number="110" hits="0" branch="true" condition-coverage="0% (0/6)" />
                <line number="111" hits="0" branch="true" condition-coverage="0% (0/2)" />
                <line number="112" hits="0" branch="false" />
                <line number="113" hits="0" branch="true" condition-coverage="0% (0/2)" />
                <line number="114" hits="0" branch="false" />
                <line number="115" hits="0" branch="true" condition-coverage="0% (0/6)" />
                <line number="116" hits="0" branch="false" />
                <line number="117" hits="0" branch="false" />
                <line number="118" hits="88" branch="false" />
                <line number="120" hits="22" branch="false" />
                <line number="121" hits="22" branch="false" />
                <line number="122" hits="22" branch="false" />
              </lines>
            </method>
            <method name="CalculateExpression" signature="(System.String,System.Boolean)" line-rate="0.8958333333333334" branch-rate="0.6136363636363636" complexity="8">
              <lines>
                <line number="124" hits="22" branch="false" />
                <line number="125" hits="7" branch="false" />
                <line number="126" hits="29" branch="false" />
                <line number="127" hits="22" branch="false" />
                <line number="128" hits="29" branch="false" />
                <line number="130" hits="88" branch="true" condition-coverage="100% (2/2)" />
                <line number="131" hits="37" branch="false" />
                <line number="132" hits="59" branch="true" condition-coverage="100% (4/4)" />
                <line number="133" hits="20" branch="false" />
                <line number="134" hits="20" branch="true" condition-coverage="0% (0/2)" />
                <line number="135" hits="20" branch="false" />
                <line number="136" hits="17" branch="true" condition-coverage="100% (2/2)" />
                <line number="137" hits="1" branch="false" />
                <line number="138" hits="1" branch="true" condition-coverage="50% (6/12)" />
                <line number="139" hits="1" branch="false" />
                <line number="140" hits="1" branch="false" />
                <line number="141" hits="1" branch="false" />
                <line number="142" hits="22" branch="false" />
                <line number="143" hits="22" branch="false" />
                <line number="144" hits="0" branch="true" condition-coverage="0% (0/2)" />
                <line number="145" hits="52" branch="true" condition-coverage="100% (2/2)" />
                <line number="146" hits="30" branch="false" />
                <line number="147" hits="30" branch="false" />
                <line number="148" hits="30" branch="false" />
                <line number="149" hits="0" branch="false" />
                <line number="150" hits="22" branch="false" />
                <line number="151" hits="22" branch="false" />
                <line number="152" hits="0" branch="false" />
                <line number="153" hits="22" branch="false" />
                <line number="154" hits="23" branch="false" />
                <line number="155" hits="16" branch="true" condition-coverage="100% (2/2)" />
                <line number="156" hits="1" branch="false" />
                <line number="157" hits="1" branch="true" condition-coverage="58% (7/12)" />
                <line number="158" hits="1" branch="false" />
                <line number="159" hits="1" branch="false" />
                <line number="160" hits="1" branch="false" />
                <line number="161" hits="22" branch="true" condition-coverage="100% (2/2)" />
                <line number="162" hits="2" branch="false" />
                <line number="163" hits="2" branch="true" condition-coverage="0% (0/2)" />
                <line number="164" hits="2" branch="false" />
                <line number="165" hits="0" branch="false" />
                <line number="166" hits="20" branch="false" />
                <line number="167" hits="20" branch="false" />
                <line number="168" hits="20" branch="false" />
                <line number="169" hits="0" branch="false" />
                <line number="170" hits="22" branch="false" />
                <line number="171" hits="22" branch="false" />
                <line number="172" hits="22" branch="false" />
              </lines>
            </method>
            <method name="SortToTokenList" signature="(System.String)" line-rate="0.9056603773584906" branch-rate="0.8303571428571429" complexity="68">
              <lines>
                <line number="175" hits="51" branch="true" condition-coverage="100% (10/10)" />
                <line number="176" hits="50" branch="false" />
                <line number="177" hits="14" branch="false" />
                <line number="178" hits="50" branch="false" />
                <line number="179" hits="14" branch="false" />
                <line number="180" hits="450" branch="true" condition-coverage="100% (2/2)" />
                <line number="181" hits="196" branch="false" />
                <line number="182" hits="182" branch="true" condition-coverage="100% (4/4)" />
                <line number="183" hits="132" branch="true" condition-coverage="100% (10/10)" />
                <line number="184" hits="118" branch="false" />
                <line number="185" hits="118" branch="false" />
                <line number="186" hits="68" branch="true" condition-coverage="50% (1/2)" />
                <line number="187" hits="4" branch="false" />
                <line number="188" hits="0" branch="false" />
                <line number="189" hits="0" branch="false" />
                <line number="190" hits="3" branch="false" />
                <line number="191" hits="3" branch="false" />
                <line number="192" hits="64" branch="true" condition-coverage="100% (2/2)" />
                <line number="193" hits="2" branch="false" />
                <line number="194" hits="5" branch="true" condition-coverage="50% (6/12)" />
                <line number="195" hits="5" branch="false" />
                <line number="196" hits="2" branch="false" />
                <line number="197" hits="2" branch="false" />
                <line number="198" hits="2" branch="false" />
                <line number="199" hits="2" branch="false" />
                <line number="200" hits="0" branch="true" condition-coverage="0% (0/2)" />
                <line number="201" hits="0" branch="false" />
                <line number="202" hits="2" branch="false" />
                <line number="203" hits="2" branch="false" />
                <line number="205" hits="14" branch="false" />
                <line number="206" hits="1" branch="true" condition-coverage="100% (2/2)" />
                <line number="207" hits="1" branch="false" />
                <line number="208" hits="1" branch="false" />
                <line number="209" hits="1" branch="false" />
                <line number="210" hits="39" branch="false" />
                <line number="211" hits="69" branch="true" condition-coverage="100% (2/2)" />
                <line number="212" hits="8" branch="false" />
                <line number="213" hits="8" branch="true" condition-coverage="58% (7/12)" />
                <line number="214" hits="2" branch="false" />
                <line number="215" hits="2" branch="false" />
                <line number="216" hits="3" branch="false" />
                <line number="217" hits="1" branch="true" condition-coverage="50% (1/2)" />
                <line number="218" hits="0" branch="false" />
                <line number="219" hits="0" branch="true" condition-coverage="0% (0/2)" />
                <line number="220" hits="0" branch="false" />
                <line number="221" hits="0" branch="false" />
                <line number="222" hits="1" branch="true" condition-coverage="100% (2/2)" />
                <line number="223" hits="1" branch="false" />
                <line number="224" hits="1" branch="false" />
                <line number="225" hits="1" branch="false" />
                <line number="226" hits="1" branch="false" />
                <line number="227" hits="1" branch="false" />
                <line number="228" hits="1" branch="false" />
                <line number="229" hits="1" branch="false" />
                <line number="230" hits="2" branch="false" />
                <line number="231" hits="61" branch="true" condition-coverage="100% (10/10)" />
                <line number="232" hits="59" branch="false" />
                <line number="233" hits="58" branch="false" />
                <line number="234" hits="58" branch="false" />
                <line number="235" hits="63" branch="false" />
                <line number="236" hits="63" branch="false" />
                <line number="237" hits="58" branch="false" />
                <line number="238" hits="5" branch="true" condition-coverage="100% (2/2)" />
                <line number="239" hits="59" branch="true" condition-coverage="100% (10/10)" />
                <line number="240" hits="1" branch="false" />
                <line number="242" hits="20" branch="true" condition-coverage="100% (2/2)" />
                <line number="243" hits="17" branch="false" />
                <line number="244" hits="1" branch="false" />
                <line number="246" hits="13" branch="true" condition-coverage="100% (2/2)" />
                <line number="247" hits="11" branch="false" />
                <line number="248" hits="1" branch="false" />
                <line number="250" hits="16" branch="true" condition-coverage="75% (3/4)" />
                <line number="251" hits="16" branch="false" />
                <line number="252" hits="2" branch="false" />
                <line number="254" hits="12" branch="false" />
                <line number="255" hits="12" branch="false" />
                <line number="256" hits="0" branch="false" />
                <line number="258" hits="11" branch="false" />
                <line number="259" hits="6" branch="false" />
                <line number="261" hits="58" branch="false" />
                <line number="262" hits="32" branch="true" condition-coverage="100% (2/2)" />
                <line number="263" hits="32" branch="false" />
                <line number="264" hits="2" branch="false" />
                <line number="265" hits="2" branch="false" />
                <line number="266" hits="182" branch="false" />
                <line number="267" hits="66" branch="true" condition-coverage="100% (2/2)" />
                <line number="268" hits="20" branch="false" />
                <line number="269" hits="82" branch="true" condition-coverage="100% (2/2)" />
                <line number="270" hits="30" branch="false" />
                <line number="271" hits="30" branch="true" condition-coverage="100% (2/2)" />
                <line number="272" hits="27" branch="false" />
                <line number="273" hits="27" branch="true" condition-coverage="50% (1/2)" />
                <line number="274" hits="3" branch="false" />
                <line number="275" hits="0" branch="false" />
                <line number="276" hits="27" branch="false" />
                <line number="277" hits="5" branch="false" />
                <line number="278" hits="24" branch="true" condition-coverage="100% (2/2)" />
                <line number="279" hits="24" branch="false" />
                <line number="280" hits="182" branch="true" condition-coverage="100% (2/2)" />
                <line number="281" hits="82" branch="false" />
                <line number="282" hits="82" branch="true" condition-coverage="100% (2/2)" />
                <line number="283" hits="36" branch="false" />
                <line number="284" hits="36" branch="false" />
                <line number="285" hits="36" branch="false" />
                <line number="287" hits="92" branch="false" />
                <line number="288" hits="34" branch="false" />
              </lines>
            </method>
            <method name="Operate" signature="(System.Collections.Generic.List`1&lt;Calculator.Model.Token&gt;)" line-rate="1" branch-rate="0.9" complexity="10">
              <lines>
                <line number="291" hits="40" branch="false" />
                <line number="292" hits="40" branch="false" />
                <line number="293" hits="6" branch="false" />
                <line number="294" hits="40" branch="true" condition-coverage="100% (2/2)" />
                <line number="295" hits="10" branch="false" />
                <line number="296" hits="10" branch="false" />
                <line number="297" hits="6" branch="false" />
                <line number="298" hits="36" branch="true" condition-coverage="100% (2/2)" />
                <line number="299" hits="10" branch="false" />
                <line number="300" hits="16" branch="false" />
                <line number="302" hits="32" branch="true" condition-coverage="100% (2/2)" />
                <line number="303" hits="10" branch="false" />
                <line number="304" hits="10" branch="false" />
                <line number="306" hits="16" branch="true" condition-coverage="75% (3/4)" />
                <line number="307" hits="16" branch="false" />
                <line number="308" hits="22" branch="false" />
                <line number="309" hits="6" branch="false" />
                <line number="311" hits="6" branch="false" />
                <line number="312" hits="6" branch="false" />
                <line number="314" hits="40" branch="false" />
              </lines>
            </method>
            <method name="TokenListContainsOperator" signature="(System.Collections.Generic.List`1&lt;Calculator.Model.Token&gt;,System.Int32&amp;)" line-rate="1" branch-rate="1" complexity="10">
              <lines>
                <line number="318" hits="154" branch="true" condition-coverage="100% (2/2)" />
                <line number="319" hits="153" branch="false" />
                <line number="320" hits="1" branch="false" />
                <line number="322" hits="1" branch="false" />
                <line number="323" hits="152" branch="true" condition-coverage="100% (2/2)" />
                <line number="324" hits="47" branch="false" />
                <line number="325" hits="508" branch="true" condition-coverage="100% (2/2)" />
                <line number="326" hits="216" branch="false" />
                <line number="327" hits="216" branch="true" condition-coverage="100% (2/2)" />
                <line number="328" hits="8" branch="false" />
                <line number="329" hits="8" branch="false" />
                <line number="330" hits="8" branch="false" />
                <line number="332" hits="208" branch="false" />
                <line number="333" hits="38" branch="false" />
                <line number="335" hits="106" branch="false" />
                <line number="336" hits="928" branch="true" condition-coverage="100% (2/2)" />
                <line number="337" hits="410" branch="false" />
                <line number="338" hits="410" branch="true" condition-coverage="100% (2/2)" />
                <line number="339" hits="52" branch="false" />
                <line number="340" hits="52" branch="false" />
                <line number="341" hits="52" branch="false" />
                <line number="343" hits="358" branch="false" />
                <line number="344" hits="54" branch="false" />
                <line number="345" hits="92" branch="false" />
                <line number="346" hits="152" branch="false" />
              </lines>
            </method>
            <method name="CalculateSubexpression" signature="(System.Collections.Generic.List`1&lt;Calculator.Model.Token&gt;,System.Int32)" line-rate="0.8333333333333334" branch-rate="0.5" complexity="2">
              <lines>
                <line number="349" hits="42" branch="false" />
                <line number="351" hits="42" branch="false" />
                <line number="352" hits="42" branch="false" />
                <line number="353" hits="42" branch="false" />
                <line number="356" hits="42" branch="false" />
                <line number="358" hits="42" branch="true" condition-coverage="50% (1/2)" />
                <line number="359" hits="0" branch="false" />
                <line number="360" hits="0" branch="false" />
                <line number="364" hits="42" branch="false" />
                <line number="365" hits="42" branch="false" />
                <line number="367" hits="42" branch="false" />
                <line number="368" hits="42" branch="false" />
              </lines>
            </method>
            <method name="NumberOfDecimals" signature="(System.String)" line-rate="1" branch-rate="1" complexity="4">
              <lines>
                <line number="371" hits="24" branch="false" />
                <line number="372" hits="104" branch="true" condition-coverage="100% (2/2)" />
                <line number="373" hits="34" branch="false" />
                <line number="374" hits="34" branch="true" condition-coverage="100% (2/2)" />
                <line number="375" hits="6" branch="false" />
                <line number="376" hits="6" branch="false" />
                <line number="378" hits="28" branch="false" />
                <line number="379" hits="18" branch="false" />
                <line number="380" hits="24" branch="false" />
              </lines>
            </method>
            <method name=".ctor" signature="()" line-rate="1" branch-rate="1" complexity="1">
              <lines>
                <line number="13" hits="66" branch="false" />
              </lines>
            </method>
          </methods>
          <lines>
            <line number="13" hits="66" branch="false" />
            <line number="17" hits="32" branch="false" />
            <line number="18" hits="32" branch="false" />
            <line number="20" hits="52" branch="true" condition-coverage="100% (2/2)" />
            <line number="21" hits="20" branch="false" />
            <line number="25" hits="20" branch="false" />
            <line number="26" hits="20" branch="false" />
            <line number="27" hits="20" branch="false" />
            <line number="28" hits="20" branch="false" />
            <line number="30" hits="0" branch="true" condition-coverage="0% (0/2)" />
            <line number="31" hits="20" branch="false" />
            <line number="32" hits="472" branch="true" condition-coverage="100% (2/2)" />
            <line number="33" hits="236" branch="false" />
            <line number="34" hits="236" branch="true" condition-coverage="100% (2/2)" />
            <line number="35" hits="22" branch="false" />
            <line number="36" hits="102" branch="true" condition-coverage="100% (2/2)" />
            <line number="37" hits="6" branch="false" />
            <line number="38" hits="22" branch="true" condition-coverage="0% (0/2)" />
            <line number="39" hits="236" branch="true" condition-coverage="100% (2/2)" />
            <line number="40" hits="22" branch="true" condition-coverage="0% (0/2)" />
            <line number="41" hits="122" branch="true" condition-coverage="100% (2/2)" />
            <line number="42" hits="6" branch="false" />
            <line number="43" hits="22" branch="false" />
            <line number="44" hits="236" branch="true" condition-coverage="100% (2/2)" />
            <line number="45" hits="20" branch="false" />
            <line number="47" hits="20" branch="false" />
            <line number="48" hits="20" branch="false" />
            <line number="54" hits="20" branch="true" condition-coverage="100% (2/2)" />
            <line number="55" hits="16" branch="false" />
            <line number="56" hits="40" branch="true" condition-coverage="100% (6/6)" />
            <line number="57" hits="16" branch="false" />
            <line number="58" hits="20" branch="true" condition-coverage="100% (2/2)" />
            <line number="59" hits="8" branch="false" />
            <line number="60" hits="26" branch="true" condition-coverage="100% (6/6)" />
            <line number="61" hits="8" branch="false" />
            <line number="63" hits="20" branch="false" />
            <line number="64" hits="20" branch="false" />
            <line number="65" hits="20" branch="false" />
            <line number="66" hits="0" branch="false" />
            <line number="67" hits="216" branch="false" />
            <line number="68" hits="20" branch="false" />
            <line number="69" hits="32" branch="false" />
            <line number="70" hits="32" branch="false" />
            <line number="72" hits="22" branch="false" />
            <line number="73" hits="22" branch="false" />
            <line number="77" hits="22" branch="false" />
            <line number="81" hits="22" branch="false" />
            <line number="82" hits="0" branch="false" />
            <line number="83" hits="220" branch="true" condition-coverage="100% (2/2)" />
            <line number="84" hits="88" branch="false" />
            <line number="85" hits="88" branch="true" condition-coverage="50% (1/2)" />
            <line number="86" hits="0" branch="false" />
            <line number="87" hits="0" branch="false" />
            <line number="88" hits="0" branch="false" />
            <line number="89" hits="0" branch="false" />
            <line number="90" hits="0" branch="true" condition-coverage="0% (0/2)" />
            <line number="91" hits="0" branch="false" />
            <line number="92" hits="0" branch="true" condition-coverage="0% (0/6)" />
            <line number="93" hits="0" branch="false" />
            <line number="94" hits="0" branch="false" />
            <line number="95" hits="0" branch="false" />
            <line number="96" hits="0" branch="true" condition-coverage="0% (0/2)" />
            <line number="97" hits="0" branch="false" />
            <line number="98" hits="0" branch="false" />
            <line number="99" hits="0" branch="false" />
            <line number="100" hits="0" branch="false" />
            <line number="101" hits="0" branch="false" />
            <line number="102" hits="0" branch="false" />
            <line number="104" hits="0" branch="false" />
            <line number="105" hits="0" branch="false" />
            <line number="106" hits="0" branch="false" />
            <line number="107" hits="0" branch="false" />
            <line number="108" hits="0" branch="true" condition-coverage="0% (0/2)" />
            <line number="109" hits="0" branch="false" />
            <line number="110" hits="0" branch="true" condition-coverage="0% (0/6)" />
            <line number="111" hits="0" branch="true" condition-coverage="0% (0/2)" />
            <line number="112" hits="0" branch="false" />
            <line number="113" hits="0" branch="true" condition-coverage="0% (0/2)" />
            <line number="114" hits="0" branch="false" />
            <line number="115" hits="0" branch="true" condition-coverage="0% (0/6)" />
            <line number="116" hits="0" branch="false" />
            <line number="117" hits="0" branch="false" />
            <line number="118" hits="88" branch="false" />
            <line number="120" hits="22" branch="false" />
            <line number="121" hits="22" branch="false" />
            <line number="122" hits="22" branch="false" />
            <line number="124" hits="22" branch="false" />
            <line number="125" hits="7" branch="false" />
            <line number="126" hits="29" branch="false" />
            <line number="127" hits="22" branch="false" />
            <line number="128" hits="29" branch="false" />
            <line number="130" hits="88" branch="true" condition-coverage="100% (2/2)" />
            <line number="131" hits="37" branch="false" />
            <line number="132" hits="59" branch="true" condition-coverage="100% (4/4)" />
            <line number="133" hits="20" branch="false" />
            <line number="134" hits="20" branch="true" condition-coverage="0% (0/2)" />
            <line number="135" hits="20" branch="false" />
            <line number="136" hits="17" branch="true" condition-coverage="100% (2/2)" />
            <line number="137" hits="1" branch="false" />
            <line number="138" hits="1" branch="true" condition-coverage="50% (6/12)" />
            <line number="139" hits="1" branch="false" />
            <line number="140" hits="1" branch="false" />
            <line number="141" hits="1" branch="false" />
            <line number="142" hits="22" branch="false" />
            <line number="143" hits="22" branch="false" />
            <line number="144" hits="0" branch="true" condition-coverage="0% (0/2)" />
            <line number="145" hits="52" branch="true" condition-coverage="100% (2/2)" />
            <line number="146" hits="30" branch="false" />
            <line number="147" hits="30" branch="false" />
            <line number="148" hits="30" branch="false" />
            <line number="149" hits="0" branch="false" />
            <line number="150" hits="22" branch="false" />
            <line number="151" hits="22" branch="false" />
            <line number="152" hits="0" branch="false" />
            <line number="153" hits="22" branch="false" />
            <line number="154" hits="23" branch="false" />
            <line number="155" hits="16" branch="true" condition-coverage="100% (2/2)" />
            <line number="156" hits="1" branch="false" />
            <line number="157" hits="1" branch="true" condition-coverage="58% (7/12)" />
            <line number="158" hits="1" branch="false" />
            <line number="159" hits="1" branch="false" />
            <line number="160" hits="1" branch="false" />
            <line number="161" hits="22" branch="true" condition-coverage="100% (2/2)" />
            <line number="162" hits="2" branch="false" />
            <line number="163" hits="2" branch="true" condition-coverage="0% (0/2)" />
            <line number="164" hits="2" branch="false" />
            <line number="165" hits="0" branch="false" />
            <line number="166" hits="20" branch="false" />
            <line number="167" hits="20" branch="false" />
            <line number="168" hits="20" branch="false" />
            <line number="169" hits="0" branch="false" />
            <line number="170" hits="22" branch="false" />
            <line number="171" hits="22" branch="false" />
            <line number="172" hits="22" branch="false" />
            <line number="173" hits="0" branch="false" />
            <line number="174" hits="1" branch="false" />
            <line number="175" hits="51" branch="true" condition-coverage="100% (10/10)" />
            <line number="176" hits="50" branch="false" />
            <line number="177" hits="14" branch="false" />
            <line number="178" hits="50" branch="false" />
            <line number="179" hits="14" branch="false" />
            <line number="180" hits="450" branch="true" condition-coverage="100% (2/2)" />
            <line number="181" hits="196" branch="false" />
            <line number="182" hits="182" branch="true" condition-coverage="100% (4/4)" />
            <line number="183" hits="132" branch="true" condition-coverage="100% (10/10)" />
            <line number="184" hits="118" branch="false" />
            <line number="185" hits="118" branch="false" />
            <line number="186" hits="68" branch="true" condition-coverage="50% (1/2)" />
            <line number="187" hits="4" branch="false" />
            <line number="188" hits="0" branch="false" />
            <line number="189" hits="0" branch="false" />
            <line number="190" hits="3" branch="false" />
            <line number="191" hits="3" branch="false" />
            <line number="192" hits="64" branch="true" condition-coverage="100% (2/2)" />
            <line number="193" hits="2" branch="false" />
            <line number="194" hits="5" branch="true" condition-coverage="50% (6/12)" />
            <line number="195" hits="5" branch="false" />
            <line number="196" hits="2" branch="false" />
            <line number="197" hits="2" branch="false" />
            <line number="198" hits="2" branch="false" />
            <line number="199" hits="2" branch="false" />
            <line number="200" hits="0" branch="true" condition-coverage="0% (0/2)" />
            <line number="201" hits="0" branch="false" />
            <line number="202" hits="2" branch="false" />
            <line number="203" hits="2" branch="false" />
            <line number="205" hits="14" branch="false" />
            <line number="206" hits="1" branch="true" condition-coverage="100% (2/2)" />
            <line number="207" hits="1" branch="false" />
            <line number="208" hits="1" branch="false" />
            <line number="209" hits="1" branch="false" />
            <line number="210" hits="39" branch="false" />
            <line number="211" hits="69" branch="true" condition-coverage="100% (2/2)" />
            <line number="212" hits="8" branch="false" />
            <line number="213" hits="8" branch="true" condition-coverage="58% (7/12)" />
            <line number="214" hits="2" branch="false" />
            <line number="215" hits="2" branch="false" />
            <line number="216" hits="3" branch="false" />
            <line number="217" hits="1" branch="true" condition-coverage="50% (1/2)" />
            <line number="218" hits="0" branch="false" />
            <line number="219" hits="0" branch="true" condition-coverage="0% (0/2)" />
            <line number="220" hits="0" branch="false" />
            <line number="221" hits="0" branch="false" />
            <line number="222" hits="1" branch="true" condition-coverage="100% (2/2)" />
            <line number="223" hits="1" branch="false" />
            <line number="224" hits="1" branch="false" />
            <line number="225" hits="1" branch="false" />
            <line number="226" hits="1" branch="false" />
            <line number="227" hits="1" branch="false" />
            <line number="228" hits="1" branch="false" />
            <line number="229" hits="1" branch="false" />
            <line number="230" hits="2" branch="false" />
            <line number="231" hits="61" branch="true" condition-coverage="100% (10/10)" />
            <line number="232" hits="59" branch="false" />
            <line number="233" hits="58" branch="false" />
            <line number="234" hits="58" branch="false" />
            <line number="235" hits="63" branch="false" />
            <line number="236" hits="63" branch="false" />
            <line number="237" hits="58" branch="false" />
            <line number="238" hits="5" branch="true" condition-coverage="100% (2/2)" />
            <line number="239" hits="59" branch="true" condition-coverage="100% (10/10)" />
            <line number="240" hits="1" branch="false" />
            <line number="242" hits="20" branch="true" condition-coverage="100% (2/2)" />
            <line number="243" hits="17" branch="false" />
            <line number="244" hits="1" branch="false" />
            <line number="246" hits="13" branch="true" condition-coverage="100% (2/2)" />
            <line number="247" hits="11" branch="false" />
            <line number="248" hits="1" branch="false" />
            <line number="250" hits="16" branch="true" condition-coverage="75% (3/4)" />
            <line number="251" hits="16" branch="false" />
            <line number="252" hits="2" branch="false" />
            <line number="254" hits="12" branch="false" />
            <line number="255" hits="12" branch="false" />
            <line number="256" hits="0" branch="false" />
            <line number="258" hits="11" branch="false" />
            <line number="259" hits="6" branch="false" />
            <line number="261" hits="58" branch="false" />
            <line number="262" hits="32" branch="true" condition-coverage="100% (2/2)" />
            <line number="263" hits="32" branch="false" />
            <line number="264" hits="2" branch="false" />
            <line number="265" hits="2" branch="false" />
            <line number="266" hits="182" branch="false" />
            <line number="267" hits="66" branch="true" condition-coverage="100% (2/2)" />
            <line number="268" hits="20" branch="false" />
            <line number="269" hits="82" branch="true" condition-coverage="100% (2/2)" />
            <line number="270" hits="30" branch="false" />
            <line number="271" hits="30" branch="true" condition-coverage="100% (2/2)" />
            <line number="272" hits="27" branch="false" />
            <line number="273" hits="27" branch="true" condition-coverage="50% (1/2)" />
            <line number="274" hits="3" branch="false" />
            <line number="275" hits="0" branch="false" />
            <line number="276" hits="27" branch="false" />
            <line number="277" hits="5" branch="false" />
            <line number="278" hits="24" branch="true" condition-coverage="100% (2/2)" />
            <line number="279" hits="24" branch="false" />
            <line number="280" hits="182" branch="true" condition-coverage="100% (2/2)" />
            <line number="281" hits="82" branch="false" />
            <line number="282" hits="82" branch="true" condition-coverage="100% (2/2)" />
            <line number="283" hits="36" branch="false" />
            <line number="284" hits="36" branch="false" />
            <line number="285" hits="36" branch="false" />
            <line number="287" hits="92" branch="false" />
            <line number="288" hits="34" branch="false" />
            <line number="289" hits="15" branch="false" />
            <line number="290" hits="30" branch="false" />
            <line number="291" hits="40" branch="false" />
            <line number="292" hits="40" branch="false" />
            <line number="293" hits="6" branch="false" />
            <line number="294" hits="40" branch="true" condition-coverage="100% (2/2)" />
            <line number="295" hits="10" branch="false" />
            <line number="296" hits="10" branch="false" />
            <line number="297" hits="6" branch="false" />
            <line number="298" hits="36" branch="true" condition-coverage="100% (2/2)" />
            <line number="299" hits="10" branch="false" />
            <line number="300" hits="16" branch="false" />
            <line number="302" hits="32" branch="true" condition-coverage="100% (2/2)" />
            <line number="303" hits="10" branch="false" />
            <line number="304" hits="10" branch="false" />
            <line number="306" hits="16" branch="true" condition-coverage="75% (3/4)" />
            <line number="307" hits="16" branch="false" />
            <line number="308" hits="22" branch="false" />
            <line number="309" hits="6" branch="false" />
            <line number="311" hits="6" branch="false" />
            <line number="312" hits="6" branch="false" />
            <line number="314" hits="40" branch="false" />
            <line number="315" hits="1" branch="false" />
            <line number="316" hits="4" branch="true" condition-coverage="50% (1/2)" />
            <line number="317" hits="2" branch="false" />
            <line number="318" hits="154" branch="true" condition-coverage="100% (2/2)" />
            <line number="319" hits="153" branch="false" />
            <line number="320" hits="1" branch="false" />
            <line number="322" hits="1" branch="false" />
            <line number="323" hits="152" branch="true" condition-coverage="100% (2/2)" />
            <line number="324" hits="47" branch="false" />
            <line number="325" hits="508" branch="true" condition-coverage="100% (2/2)" />
            <line number="326" hits="216" branch="false" />
            <line number="327" hits="216" branch="true" condition-coverage="100% (2/2)" />
            <line number="328" hits="8" branch="false" />
            <line number="329" hits="8" branch="false" />
            <line number="330" hits="8" branch="false" />
            <line number="332" hits="208" branch="false" />
            <line number="333" hits="38" branch="false" />
            <line number="335" hits="106" branch="false" />
            <line number="336" hits="928" branch="true" condition-coverage="100% (2/2)" />
            <line number="337" hits="410" branch="false" />
            <line number="338" hits="410" branch="true" condition-coverage="100% (2/2)" />
            <line number="339" hits="52" branch="false" />
            <line number="340" hits="52" branch="false" />
            <line number="341" hits="52" branch="false" />
            <line number="343" hits="358" branch="false" />
            <line number="344" hits="54" branch="false" />
            <line number="345" hits="92" branch="false" />
            <line number="346" hits="152" branch="false" />
            <line number="349" hits="42" branch="false" />
            <line number="351" hits="42" branch="false" />
            <line number="352" hits="42" branch="false" />
            <line number="353" hits="42" branch="false" />
            <line number="356" hits="42" branch="false" />
            <line number="358" hits="42" branch="true" condition-coverage="50% (1/2)" />
            <line number="359" hits="0" branch="false" />
            <line number="360" hits="0" branch="false" />
            <line number="364" hits="42" branch="false" />
            <line number="365" hits="42" branch="false" />
            <line number="367" hits="42" branch="false" />
            <line number="368" hits="42" branch="false" />
            <line number="371" hits="24" branch="false" />
            <line number="372" hits="104" branch="true" condition-coverage="100% (2/2)" />
            <line number="373" hits="34" branch="false" />
            <line number="374" hits="34" branch="true" condition-coverage="100% (2/2)" />
            <line number="375" hits="6" branch="false" />
            <line number="376" hits="6" branch="false" />
            <line number="378" hits="28" branch="false" />
            <line number="379" hits="18" branch="false" />
            <line number="380" hits="24" branch="false" />
          </lines>
        </class>
        <class name="Calculator_project.Exceptions.InvalidExpressionException" filename="C:\Users\music\Documents\pycom\gits\Mjukvaruutvekling-grupp-5\Mjukvaruutvekling-grupp-5\Calculator-project\Exceptions\InvalidExpressionException.cs" line-rate="0.23076923076923078" branch-rate="1" complexity="5">
          <methods>
            <method name="get_Message" signature="()" line-rate="0" branch-rate="1" complexity="1">
              <lines>
                <line number="24" hits="0" branch="false" />
              </lines>
            </method>
            <method name=".ctor" signature="()" line-rate="1" branch-rate="1" complexity="1">
              <lines>
                <line number="8" hits="18" branch="false" />
                <line number="9" hits="18" branch="false" />
                <line number="10" hits="18" branch="false" />
              </lines>
            </method>
            <method name=".ctor" signature="(System.String)" line-rate="0" branch-rate="1" complexity="1">
              <lines>
                <line number="12" hits="0" branch="false" />
                <line number="13" hits="0" branch="false" />
                <line number="14" hits="0" branch="false" />
              </lines>
            </method>
            <method name=".ctor" signature="(System.String,System.Exception)" line-rate="0" branch-rate="1" complexity="1">
              <lines>
                <line number="16" hits="0" branch="false" />
                <line number="17" hits="0" branch="false" />
                <line number="18" hits="0" branch="false" />
              </lines>
            </method>
            <method name=".ctor" signature="(System.Runtime.Serialization.SerializationInfo,System.Runtime.Serialization.StreamingContext)" line-rate="0" branch-rate="1" complexity="1">
              <lines>
                <line number="20" hits="0" branch="false" />
                <line number="21" hits="0" branch="false" />
                <line number="22" hits="0" branch="false" />
              </lines>
            </method>
          </methods>
          <lines>
            <line number="8" hits="18" branch="false" />
            <line number="9" hits="18" branch="false" />
            <line number="10" hits="18" branch="false" />
            <line number="12" hits="0" branch="false" />
            <line number="13" hits="0" branch="false" />
            <line number="14" hits="0" branch="false" />
            <line number="16" hits="0" branch="false" />
            <line number="17" hits="0" branch="false" />
            <line number="18" hits="0" branch="false" />
            <line number="20" hits="0" branch="false" />
            <line number="21" hits="0" branch="false" />
            <line number="22" hits="0" branch="false" />
            <line number="24" hits="0" branch="false" />
          </lines>
        </class>
        <class name="Calculator_project.Exceptions.NumberTooLargeException" filename="C:\Users\music\Documents\pycom\gits\Mjukvaruutvekling-grupp-5\Mjukvaruutvekling-grupp-5\Calculator-project\Exceptions\NumberTooLargeException.cs" line-rate="0" branch-rate="1" complexity="5">
          <methods>
            <method name="get_Message" signature="()" line-rate="0" branch-rate="1" complexity="1">
              <lines>
                <line number="28" hits="0" branch="false" />
              </lines>
            </method>
            <method name=".ctor" signature="()" line-rate="0" branch-rate="1" complexity="1">
              <lines>
                <line number="12" hits="0" branch="false" />
                <line number="13" hits="0" branch="false" />
                <line number="14" hits="0" branch="false" />
              </lines>
            </method>
            <method name=".ctor" signature="(System.String)" line-rate="0" branch-rate="1" complexity="1">
              <lines>
                <line number="16" hits="0" branch="false" />
                <line number="17" hits="0" branch="false" />
                <line number="18" hits="0" branch="false" />
              </lines>
            </method>
            <method name=".ctor" signature="(System.String,System.Exception)" line-rate="0" branch-rate="1" complexity="1">
              <lines>
                <line number="20" hits="0" branch="false" />
                <line number="21" hits="0" branch="false" />
                <line number="22" hits="0" branch="false" />
              </lines>
            </method>
            <method name=".ctor" signature="(System.Runtime.Serialization.SerializationInfo,System.Runtime.Serialization.StreamingContext)" line-rate="0" branch-rate="1" complexity="1">
              <lines>
                <line number="24" hits="0" branch="false" />
                <line number="25" hits="0" branch="false" />
                <line number="26" hits="0" branch="false" />
              </lines>
            </method>
          </methods>
          <lines>
            <line number="12" hits="0" branch="false" />
            <line number="13" hits="0" branch="false" />
            <line number="14" hits="0" branch="false" />
            <line number="16" hits="0" branch="false" />
            <line number="17" hits="0" branch="false" />
            <line number="18" hits="0" branch="false" />
            <line number="20" hits="0" branch="false" />
            <line number="21" hits="0" branch="false" />
            <line number="22" hits="0" branch="false" />
            <line number="24" hits="0" branch="false" />
            <line number="25" hits="0" branch="false" />
            <line number="26" hits="0" branch="false" />
            <line number="28" hits="0" branch="false" />
          </lines>
        </class>
        <class name="Calculator_project.MainWindow" filename="C:\Users\music\Documents\pycom\gits\Mjukvaruutvekling-grupp-5\Mjukvaruutvekling-grupp-5\Calculator-project\MainWindow.xaml" line-rate="0" branch-rate="0" complexity="52">
          <methods>
            <method name="InitializeComponent" signature="()" line-rate="0" branch-rate="0" complexity="2">
              <lines>
                <line number="1" hits="0" branch="true" condition-coverage="0% (0/2)" />
              </lines>
            </method>
            <method name="System.Windows.Markup.IComponentConnector.Connect" signature="(System.Int32,System.Object)" line-rate="0" branch-rate="0" complexity="22">
              <lines>
                <line number="29" hits="0" branch="true" condition-coverage="0% (0/22)" />
                <line number="39" hits="0" branch="true" condition-coverage="0% (0/28)" />
                <line number="57" hits="0" branch="false" />
                <line number="66" hits="0" branch="false" />
                <line number="72" hits="0" branch="false" />
                <line number="74" hits="0" branch="false" />
                <line number="81" hits="0" branch="false" />
                <line number="82" hits="0" branch="false" />
                <line number="89" hits="0" branch="false" />
                <line number="90" hits="0" branch="false" />
                <line number="97" hits="0" branch="false" />
                <line number="98" hits="0" branch="false" />
                <line number="105" hits="0" branch="false" />
                <line number="106" hits="0" branch="false" />
                <line number="113" hits="0" branch="false" />
                <line number="114" hits="0" branch="false" />
                <line number="121" hits="0" branch="false" />
                <line number="122" hits="0" branch="false" />
                <line number="129" hits="0" branch="false" />
                <line number="130" hits="0" branch="false" />
                <line number="137" hits="0" branch="false" />
                <line number="138" hits="0" branch="false" />
                <line number="145" hits="0" branch="false" />
                <line number="146" hits="0" branch="false" />
                <line number="153" hits="0" branch="false" />
                <line number="155" hits="0" branch="false" />
                <line number="161" hits="0" branch="false" />
                <line number="165" hits="0" branch="false" />
                <line number="170" hits="0" branch="false" />
                <line number="174" hits="0" branch="false" />
                <line number="180" hits="0" branch="false" />
                <line number="185" hits="0" branch="false" />
                <line number="189" hits="0" branch="false" />
                <line number="193" hits="0" branch="false" />
                <line number="200" hits="0" branch="false" />
                <line number="202" hits="0" branch="false" />
                <line number="208" hits="0" branch="false" />
                <line number="210" hits="0" branch="false" />
                <line number="217" hits="0" branch="false" />
                <line number="220" hits="0" branch="false" />
              </lines>
            </method>
            <method name="System.Windows.Markup.IComponentConnector.Connect" signature="(System.Int32,System.Object)" line-rate="0" branch-rate="0" complexity="28">
              <lines>
                <line number="39" hits="0" branch="true" condition-coverage="0% (0/28)" />
                <line number="57" hits="0" branch="false" />
                <line number="66" hits="0" branch="false" />
                <line number="72" hits="0" branch="false" />
                <line number="74" hits="0" branch="false" />
                <line number="81" hits="0" branch="false" />
                <line number="82" hits="0" branch="false" />
                <line number="89" hits="0" branch="false" />
                <line number="90" hits="0" branch="false" />
                <line number="97" hits="0" branch="false" />
                <line number="98" hits="0" branch="false" />
                <line number="105" hits="0" branch="false" />
                <line number="106" hits="0" branch="false" />
                <line number="113" hits="0" branch="false" />
                <line number="114" hits="0" branch="false" />
                <line number="121" hits="0" branch="false" />
                <line number="122" hits="0" branch="false" />
                <line number="129" hits="0" branch="false" />
                <line number="130" hits="0" branch="false" />
                <line number="137" hits="0" branch="false" />
                <line number="138" hits="0" branch="false" />
                <line number="145" hits="0" branch="false" />
                <line number="146" hits="0" branch="false" />
                <line number="153" hits="0" branch="false" />
                <line number="155" hits="0" branch="false" />
                <line number="161" hits="0" branch="false" />
                <line number="165" hits="0" branch="false" />
                <line number="170" hits="0" branch="false" />
                <line number="174" hits="0" branch="false" />
                <line number="180" hits="0" branch="false" />
                <line number="185" hits="0" branch="false" />
                <line number="189" hits="0" branch="false" />
                <line number="193" hits="0" branch="false" />
                <line number="200" hits="0" branch="false" />
                <line number="202" hits="0" branch="false" />
                <line number="208" hits="0" branch="false" />
                <line number="210" hits="0" branch="false" />
                <line number="217" hits="0" branch="false" />
                <line number="220" hits="0" branch="false" />
                <line number="225" hits="0" branch="false" />
                <line number="235" hits="0" branch="false" />
                <line number="243" hits="0" branch="false" />
                <line number="250" hits="0" branch="false" />
                <line number="257" hits="0" branch="false" />
                <line number="264" hits="0" branch="false" />
                <line number="271" hits="0" branch="false" />
                <line number="285" hits="0" branch="false" />
              </lines>
            </method>
          </methods>
          <lines>
            <line number="1" hits="0" branch="true" condition-coverage="0% (0/2)" />
            <line number="29" hits="0" branch="true" condition-coverage="0% (0/22)" />
            <line number="39" hits="0" branch="true" condition-coverage="0% (0/28)" />
            <line number="57" hits="0" branch="false" />
            <line number="66" hits="0" branch="false" />
            <line number="72" hits="0" branch="false" />
            <line number="74" hits="0" branch="false" />
            <line number="81" hits="0" branch="false" />
            <line number="82" hits="0" branch="false" />
            <line number="89" hits="0" branch="false" />
            <line number="90" hits="0" branch="false" />
            <line number="97" hits="0" branch="false" />
            <line number="98" hits="0" branch="false" />
            <line number="105" hits="0" branch="false" />
            <line number="106" hits="0" branch="false" />
            <line number="113" hits="0" branch="false" />
            <line number="114" hits="0" branch="false" />
            <line number="121" hits="0" branch="false" />
            <line number="122" hits="0" branch="false" />
            <line number="129" hits="0" branch="false" />
            <line number="130" hits="0" branch="false" />
            <line number="137" hits="0" branch="false" />
            <line number="138" hits="0" branch="false" />
            <line number="145" hits="0" branch="false" />
            <line number="146" hits="0" branch="false" />
            <line number="153" hits="0" branch="false" />
            <line number="155" hits="0" branch="false" />
            <line number="161" hits="0" branch="false" />
            <line number="165" hits="0" branch="false" />
            <line number="170" hits="0" branch="false" />
            <line number="174" hits="0" branch="false" />
            <line number="180" hits="0" branch="false" />
            <line number="185" hits="0" branch="false" />
            <line number="189" hits="0" branch="false" />
            <line number="193" hits="0" branch="false" />
            <line number="200" hits="0" branch="false" />
            <line number="202" hits="0" branch="false" />
            <line number="208" hits="0" branch="false" />
            <line number="210" hits="0" branch="false" />
            <line number="217" hits="0" branch="false" />
            <line number="220" hits="0" branch="false" />
            <line number="225" hits="0" branch="false" />
            <line number="235" hits="0" branch="false" />
            <line number="243" hits="0" branch="false" />
            <line number="250" hits="0" branch="false" />
            <line number="257" hits="0" branch="false" />
            <line number="264" hits="0" branch="false" />
            <line number="271" hits="0" branch="false" />
            <line number="285" hits="0" branch="false" />
          </lines>
        </class>
        <class name="Calculator_project.MainWindow" filename="C:\Users\music\Documents\pycom\gits\Mjukvaruutvekling-grupp-5\Mjukvaruutvekling-grupp-5\Calculator-project\MainWindow.xaml.cs" line-rate="0" branch-rate="0" complexity="305">
          <methods>
            <method name="NumBtn_Click" signature="(System.Object,System.Windows.RoutedEventArgs)" line-rate="0" branch-rate="0" complexity="10">
              <lines>
                <line number="34" hits="0" branch="false" />
                <line number="35" hits="0" branch="false" />
                <line number="36" hits="0" branch="true" condition-coverage="0% (0/2)" />
                <line number="37" hits="0" branch="true" condition-coverage="0% (0/2)" />
                <line number="38" hits="0" branch="false" />
                <line number="39" hits="0" branch="true" condition-coverage="0% (0/2)" />
[...]
            <line number="616" hits="0" branch="false" />
            <line number="617" hits="0" branch="false" />
            <line number="618" hits="0" branch="false" />
            <line number="619" hits="0" branch="false" />
            <line number="620" hits="0" branch="false" />
            <line number="621" hits="0" branch="false" />
            <line number="622" hits="0" branch="false" />
            <line number="623" hits="0" branch="false" />
            <line number="624" hits="0" branch="false" />
            <line number="626" hits="0" branch="false" />
            <line number="627" hits="0" branch="true" condition-coverage="0% (0/2)" />
            <line number="628" hits="0" branch="true" condition-coverage="0% (0/2)" />
            <line number="629" hits="0" branch="false" />
            <line number="630" hits="0" branch="false" />
            <line number="631" hits="0" branch="false" />
            <line number="632" hits="0" branch="false" />
            <line number="633" hits="0" branch="false" />
            <line number="634" hits="0" branch="false" />
            <line number="635" hits="0" branch="false" />
            <line number="636" hits="0" branch="false" />
            <line number="637" hits="0" branch="false" />
            <line number="638" hits="0" branch="false" />
            <line number="639" hits="0" branch="false" />
            <line number="640" hits="0" branch="false" />
            <line number="641" hits="0" branch="false" />
            <line number="642" hits="0" branch="false" />
            <line number="644" hits="0" branch="false" />
            <line number="645" hits="0" branch="false" />
            <line number="646" hits="0" branch="false" />
            <line number="647" hits="0" branch="false" />
            <line number="650" hits="0" branch="false" />
            <line number="651" hits="0" branch="false" />
            <line number="652" hits="0" branch="false" />
            <line number="653" hits="0" branch="false" />
          </lines>
        </class>
        <class name="Calculator_project.Model.AshFunction" filename="C:\Users\sherk\OneDrive - Jonkoping University\Desktop\Mjukvaruutvekling-grupp-5\Calculator-project\Model\Function.cs" line-rate="1" branch-rate="1" complexity="1">
          <methods>
            <method name="Execute" signature="(System.Double[])" line-rate="1" branch-rate="1" complexity="1">
              <lines>
                <line number="109" hits="6" branch="false" />
                <line number="110" hits="6" branch="false" />
                <line number="111" hits="6" branch="false" />
              </lines>
            </method>
          </methods>
          <lines>
            <line number="109" hits="6" branch="false" />
            <line number="110" hits="6" branch="false" />
            <line number="111" hits="6" branch="false" />
          </lines>
        </class>
        <class name="Calculator_project.Model.CosineFunction" filename="C:\Users\sherk\OneDrive - Jonkoping University\Desktop\Mjukvaruutvekling-grupp-5\Calculator-project\Model\Function.cs" line-rate="0" branch-rate="0" complexity="3">
          <methods>
            <method name="Execute" signature="(System.Double[])" line-rate="0" branch-rate="0" complexity="2">
              <lines>
                <line number="56" hits="0" branch="false" />
                <line number="58" hits="0" branch="true" condition-coverage="0% (0/2)" />
                <line number="59" hits="0" branch="false" />
                <line number="60" hits="0" branch="false" />
                <line number="61" hits="0" branch="false" />
              </lines>
            </method>
            <method name="ToString" signature="()" line-rate="0" branch-rate="1" complexity="1">
              <lines>
                <line number="64" hits="0" branch="false" />
                <line number="65" hits="0" branch="false" />
                <line number="66" hits="0" branch="false" />
              </lines>
            </method>
          </methods>
          <lines>
            <line number="56" hits="0" branch="false" />
            <line number="58" hits="0" branch="true" condition-coverage="0% (0/2)" />
            <line number="59" hits="0" branch="false" />
            <line number="60" hits="0" branch="false" />
            <line number="61" hits="0" branch="false" />
            <line number="64" hits="0" branch="false" />
            <line number="65" hits="0" branch="false" />
            <line number="66" hits="0" branch="false" />
          </lines>
        </class>
        <class name="Calculator_project.Model.DivideOperator" filename="C:\Users\music\Documents\pycom\gits\Mjukvaruutvekling-grupp-5\Mjukvaruutvekling-grupp-5\Calculator-project\Model\DivideOperator.cs" line-rate="1" branch-rate="1" complexity="3">
          <methods>
            <method name="Compute" signature="(System.Double,System.Double)" line-rate="1" branch-rate="1" complexity="2">
              <lines>
                <line number="13" hits="23" branch="false" />
                <line number="16" hits="23" branch="true" condition-coverage="100% (2/2)" />
                <line number="18" hits="3" branch="false" />
                <line number="20" hits="20" branch="false" />
                <line number="21" hits="20" branch="false" />
              </lines>
            </method>
            <method name="ToString" signature="()" line-rate="1" branch-rate="1" complexity="1">
              <lines>
                <line number="24" hits="6" branch="false" />
                <line number="25" hits="6" branch="false" />
                <line number="26" hits="6" branch="false" />
              </lines>
            </method>
          </methods>
          <lines>
            <line number="13" hits="23" branch="false" />
            <line number="16" hits="23" branch="true" condition-coverage="100% (2/2)" />
            <line number="18" hits="3" branch="false" />
            <line number="20" hits="20" branch="false" />
            <line number="21" hits="20" branch="false" />
            <line number="24" hits="6" branch="false" />
            <line number="25" hits="6" branch="false" />
            <line number="26" hits="6" branch="false" />
          </lines>
        </class>
        <class name="Calculator_project.Model.ExponentiateOperator" filename="C:\Users\music\Documents\pycom\gits\Mjukvaruutvekling-grupp-5\Mjukvaruutvekling-grupp-5\Calculator-project\Model\ExponentiateOperator.cs" line-rate="1" branch-rate="1" complexity="2">
          <methods>
            <method name="Compute" signature="(System.Double,System.Double)" line-rate="1" branch-rate="1" complexity="1">
              <lines>
                <line number="12" hits="14" branch="false" />
                <line number="13" hits="14" branch="false" />
                <line number="14" hits="14" branch="false" />
              </lines>
            </method>
            <method name="ToString" signature="()" line-rate="1" branch-rate="1" complexity="1">
              <lines>
                <line number="17" hits="3" branch="false" />
                <line number="18" hits="3" branch="false" />
                <line number="19" hits="3" branch="false" />
              </lines>
            </method>
          </methods>
          <lines>
            <line number="12" hits="14" branch="false" />
            <line number="13" hits="14" branch="false" />
            <line number="14" hits="14" branch="false" />
            <line number="17" hits="3" branch="false" />
            <line number="18" hits="3" branch="false" />
            <line number="19" hits="3" branch="false" />
          </lines>
        </class>
        <class name="Calculator_project.Model.FunctionList" filename="C:\Users\sherk\OneDrive - Jonkoping University\Desktop\Mjukvaruutvekling-grupp-5\Calculator-project\Model\Function.cs" line-rate="1" branch-rate="1" complexity="3">
          <methods>
            <method name="get_Functions" signature="()" line-rate="1" branch-rate="1" complexity="1">
              <lines>
                <line number="14" hits="110" branch="false" />
              </lines>
            </method>
            <method name="AddFunction" signature="(Calculator_project.Model.Function)" line-rate="1" branch-rate="1" complexity="1">
              <lines>
                <line number="40" hits="88" branch="false" />
                <line number="41" hits="88" branch="false" />
                <line number="42" hits="88" branch="false" />
                <line number="44" hits="88" branch="false" />
              </lines>
            </method>
            <method name=".ctor" signature="()" line-rate="1" branch-rate="1" complexity="1">
              <lines>
                <line number="19" hits="22" branch="false" />
                <line number="20" hits="22" branch="false" />
                <line number="22" hits="22" branch="false" />
                <line number="23" hits="22" branch="false" />
                <line number="26" hits="22" branch="false" />
                <line number="27" hits="22" branch="false" />
                <line number="28" hits="22" branch="false" />
                <line number="29" hits="22" branch="false" />
                <line number="31" hits="22" branch="false" />
                <line number="32" hits="22" branch="false" />
                <line number="33" hits="22" branch="false" />
                <line number="34" hits="22" branch="false" />
                <line number="35" hits="22" branch="false" />
                <line number="36" hits="22" branch="false" />
              </lines>
            </method>
          </methods>
          <lines>
            <line number="14" hits="110" branch="false" />
            <line number="19" hits="22" branch="false" />
            <line number="20" hits="22" branch="false" />
            <line number="22" hits="22" branch="false" />
            <line number="23" hits="22" branch="false" />
            <line number="26" hits="22" branch="false" />
            <line number="27" hits="22" branch="false" />
            <line number="28" hits="22" branch="false" />
            <line number="29" hits="22" branch="false" />
            <line number="31" hits="22" branch="false" />
            <line number="32" hits="22" branch="false" />
            <line number="33" hits="22" branch="false" />
            <line number="34" hits="22" branch="false" />
            <line number="35" hits="22" branch="false" />
            <line number="36" hits="22" branch="false" />
            <line number="40" hits="88" branch="false" />
            <line number="41" hits="88" branch="false" />
            <line number="42" hits="88" branch="false" />
            <line number="44" hits="88" branch="false" />
          </lines>
        </class>
        <class name="Calculator_project.Model.MultiplyOperator" filename="C:\Users\music\Documents\pycom\gits\Mjukvaruutvekling-grupp-5\Mjukvaruutvekling-grupp-5\Calculator-project\Model\MultiplyOperator.cs" line-rate="1" branch-rate="1" complexity="2">
          <methods>
            <method name="Compute" signature="(System.Double,System.Double)" line-rate="1" branch-rate="1" complexity="1">
              <lines>
                <line number="11" hits="23" branch="false" />
                <line number="12" hits="23" branch="false" />
                <line number="13" hits="23" branch="false" />
              </lines>
            </method>
            <method name="ToString" signature="()" line-rate="1" branch-rate="1" complexity="1">
              <lines>
                <line number="16" hits="9" branch="false" />
                <line number="17" hits="9" branch="false" />
                <line number="18" hits="9" branch="false" />
              </lines>
            </method>
          </methods>
          <lines>
            <line number="11" hits="23" branch="false" />
            <line number="12" hits="23" branch="false" />
            <line number="13" hits="23" branch="false" />
            <line number="16" hits="9" branch="false" />
            <line number="17" hits="9" branch="false" />
            <line number="18" hits="9" branch="false" />
          </lines>
        </class>
        <class name="Calculator_project.Model.Operand" filename="C:\Users\music\Documents\pycom\gits\Mjukvaruutvekling-grupp-5\Mjukvaruutvekling-grupp-5\Calculator-project\Model\Operand.cs" line-rate="0.8" branch-rate="1" complexity="3">
          <methods>
            <method name="ToString" signature="()" line-rate="1" branch-rate="1" complexity="1">
              <lines>
                <line number="17" hits="94" branch="false" />
                <line number="18" hits="94" branch="false" />
                <line number="19" hits="94" branch="false" />
              </lines>
            </method>
            <method name=".ctor" signature="()" line-rate="0" branch-rate="1" complexity="1">
              <lines>
                <line number="13" hits="0" branch="false" />
              </lines>
            </method>
            <method name=".ctor" signature="(System.Double)" line-rate="1" branch-rate="1" complexity="1">
              <lines>
                <line number="14" hits="1228" branch="false" />
              </lines>
            </method>
          </methods>
          <lines>
            <line number="13" hits="0" branch="false" />
            <line number="14" hits="1228" branch="false" />
            <line number="17" hits="94" branch="false" />
            <line number="18" hits="94" branch="false" />
            <line number="19" hits="94" branch="false" />
          </lines>
        </class>
        <class name="Calculator_project.Model.SineFunction" filename="C:\Users\sherk\OneDrive - Jonkoping University\Desktop\Mjukvaruutvekling-grupp-5\Calculator-project\Model\Function.cs" line-rate="0.5" branch-rate="0.5" complexity="3">
          <methods>
            <method name="Execute" signature="(System.Double[])" line-rate="0.8" branch-rate="0.5" complexity="2">
              <lines>
                <line number="76" hits="2" branch="false" />
                <line number="77" hits="2" branch="true" condition-coverage="50% (1/2)" />
                <line number="78" hits="0" branch="false" />
                <line number="79" hits="2" branch="false" />
                <line number="80" hits="2" branch="false" />
              </lines>
            </method>
            <method name="ToString" signature="()" line-rate="0" branch-rate="1" complexity="1">
              <lines>
                <line number="83" hits="0" branch="false" />
                <line number="84" hits="0" branch="false" />
                <line number="85" hits="0" branch="false" />
              </lines>
            </method>
          </methods>
          <lines>
            <line number="76" hits="2" branch="false" />
            <line number="77" hits="2" branch="true" condition-coverage="50% (1/2)" />
            <line number="78" hits="0" branch="false" />
            <line number="79" hits="2" branch="false" />
            <line number="80" hits="2" branch="false" />
            <line number="83" hits="0" branch="false" />
            <line number="84" hits="0" branch="false" />
            <line number="85" hits="0" branch="false" />
          </lines>
        </class>
        <class name="Calculator_project.Model.SubtractOperator" filename="C:\Users\music\Documents\pycom\gits\Mjukvaruutvekling-grupp-5\Mjukvaruutvekling-grupp-5\Calculator-project\Model\SubtractOperator.cs" line-rate="1" branch-rate="1" complexity="2">
          <methods>
            <method name="Compute" signature="(System.Double,System.Double)" line-rate="1" branch-rate="1" complexity="1">
              <lines>
                <line number="10" hits="16" branch="false" />
                <line number="11" hits="16" branch="false" />
                <line number="12" hits="16" branch="false" />
              </lines>
            </method>
            <method name="ToString" signature="()" line-rate="1" branch-rate="1" complexity="1">
              <lines>
                <line number="15" hits="15" branch="false" />
                <line number="16" hits="15" branch="false" />
                <line number="17" hits="15" branch="false" />
              </lines>
            </method>
          </methods>
          <lines>
            <line number="10" hits="16" branch="false" />
            <line number="11" hits="16" branch="false" />
            <line number="12" hits="16" branch="false" />
            <line number="15" hits="15" branch="false" />
            <line number="16" hits="15" branch="false" />
            <line number="17" hits="15" branch="false" />
          </lines>
        </class>
        <class name="Calculator_project.Model.SumOperator" filename="C:\Users\music\Documents\pycom\gits\Mjukvaruutvekling-grupp-5\Mjukvaruutvekling-grupp-5\Calculator-project\Model\SumOperator.cs" line-rate="1" branch-rate="1" complexity="2">
          <methods>
            <method name="Compute" signature="(System.Double,System.Double)" line-rate="1" branch-rate="1" complexity="1">
              <lines>
                <line number="7" hits="20" branch="false" />
                <line number="8" hits="20" branch="false" />
                <line number="9" hits="20" branch="false" />
              </lines>
            </method>
            <method name="ToString" signature="()" line-rate="1" branch-rate="1" complexity="1">
              <lines>
                <line number="12" hits="18" branch="false" />
                <line number="13" hits="18" branch="false" />
                <line number="14" hits="18" branch="false" />
              </lines>
            </method>
          </methods>
          <lines>
            <line number="7" hits="20" branch="false" />
            <line number="8" hits="20" branch="false" />
            <line number="9" hits="20" branch="false" />
            <line number="12" hits="18" branch="false" />
            <line number="13" hits="18" branch="false" />
            <line number="14" hits="18" branch="false" />
          </lines>
        </class>
        <class name="Calculator_project.Model.TangentFunction" filename="C:\Users\sherk\OneDrive - Jonkoping University\Desktop\Mjukvaruutvekling-grupp-5\Calculator-project\Model\Function.cs" line-rate="0" branch-rate="0" complexity="3">
          <methods>
            <method name="Execute" signature="(System.Double[])" line-rate="0" branch-rate="0" complexity="2">
              <lines>
                <line number="95" hits="0" branch="false" />
                <line number="96" hits="0" branch="true" condition-coverage="0% (0/2)" />
                <line number="97" hits="0" branch="false" />
                <line number="98" hits="0" branch="false" />
                <line number="99" hits="0" branch="false" />
              </lines>
            </method>
            <method name="ToString" signature="()" line-rate="0" branch-rate="1" complexity="1">
              <lines>
                <line number="102" hits="0" branch="false" />
                <line number="103" hits="0" branch="false" />
                <line number="104" hits="0" branch="false" />
              </lines>
            </method>
          </methods>
          <lines>
            <line number="95" hits="0" branch="false" />
            <line number="96" hits="0" branch="true" condition-coverage="0% (0/2)" />
            <line number="97" hits="0" branch="false" />
            <line number="98" hits="0" branch="false" />
            <line number="99" hits="0" branch="false" />
            <line number="102" hits="0" branch="false" />
            <line number="103" hits="0" branch="false" />
            <line number="104" hits="0" branch="false" />
          </lines>
        </class>
      </classes>
    </package>
  </packages>
</coverage>